Arguments: 
  /usr/bin/node /usr/share/yarn/bin/yarn.js install

PATH: 
  /usr/local/sbin:/usr/local/bin:/usr/sbin:/usr/bin:/sbin:/bin:/usr/games:/usr/local/games:/usr/lib/wsl/lib:/mnt/c/WINDOWS/system32:/mnt/c/WINDOWS:/mnt/c/WINDOWS/System32/Wbem:/mnt/c/WINDOWS/System32/WindowsPowerShell/v1.0/:/mnt/c/WINDOWS/System32/OpenSSH/:/mnt/c/Program Files/Intel/WiFi/bin/:/mnt/c/Program Files/Common Files/Intel/WirelessCommon/:/mnt/c/MinGW/bin:/mnt/c/Program Files/node1/:/mnt/c/ProgramData/chocolatey/bin:/mnt/c/GC31/bin:/mnt/c/Program Files (x86)/NVIDIA Corporation/PhysX/Common:/mnt/c/Program Files/Docker/Docker/resources/bin:/mnt/c/ProgramData/DockerDesktop/version-bin:/mnt/c/WINDOWS/system32:/mnt/c/WINDOWS:/mnt/c/WINDOWS/System32/Wbem:/mnt/c/WINDOWS/System32/WindowsPowerShell/v1.0/:/mnt/c/WINDOWS/System32/OpenSSH/:/mnt/c/Users/Rabindar Kumar/AppData/Local/Microsoft/WindowsApps:/mnt/c/Users/Rabindar Kumar/AppData/Roaming/npm:/mnt/c/Users/Rabindar Kumar/AppData/Local/Packages/PythonSoftwareFoundation.Python.3.7_qbz5n2kfra8p0/LocalCache/local-packages/Python37:/mnt/c/Users/Rabindar Kumar/AppData/Local/Packages/PythonSoftwareFoundation.Python.3.7_qbz5n2kfra8p0/LocalCache/local-packages/Python37/Scripts:/mnt/c/Users/Rabindar Kumar/AppData/Local/Programs/Microsoft VS Code/bin:/mnt/c/Users/Rabindar Kumar/AppData/Local/GitHubDesktop/bin:/usr/local/sbin:/usr/local/bin:/usr/sbin:/usr/bin:/sbin:/bin:/usr/games:/usr/local/games:/snap/bin:/mnt/c/Users/Rabindar Kumar/AppData/Local/Programs/Microsoft VS Code/bin://root/go://root/go/bin:/usr/lib/jvm/jdk1.8.0_301/bin:/smlnj/bin:/root/.local/bin

Yarn version: 
  1.22.18

Node version: 
  16.14.2

Platform: 
  linux x64

Trace: 
  Error: https://registry.npmjs.org/truffle-hdwallet-provider: ETIMEDOUT
      at Timeout._onTimeout (/usr/share/yarn/lib/cli.js:141543:19)
      at listOnTimeout (node:internal/timers:559:17)
      at processTimers (node:internal/timers:502:7)

npm manifest: 
  {
      "dependencies": {
        "truffle-hdwallet-provider": "^1.0.17"
      }
    }

yarn manifest: 
  No manifest

Lockfile: 
  No lockfile
